#
# A fatal error has been detected by the Java Runtime Environment:
#
#  Internal Error (0xc000000d), pid=22836, tid=12716
#
# JRE version: Java(TM) SE Runtime Environment (19.0.2+7) (build 19.0.2+7-44)
# Java VM: Java HotSpot(TM) 64-Bit Server VM (19.0.2+7-44, mixed mode, sharing, tiered, compressed oops, compressed class ptrs, g1 gc, windows-amd64)
# Problematic frame:
# C  [ntdll.dll+0x126330]
#
# No core dump will be written. Minidumps are not enabled by default on client versions of Windows
#
# If you would like to submit a bug report, please visit:
#   https://bugreport.java.com/bugreport/crash.jsp
#

---------------  S U M M A R Y ------------

Command Line: basic.HomePage

Host: AMD Ryzen 7 5700U with Radeon Graphics         , 16 cores, 7G,  Windows 11 , 64 bit Build 22621 (10.0.22621.3570)
Time: Sun May 19 03:39:41 2024 India Standard Time elapsed time: 141.918013 seconds (0d 0h 2m 21s)

---------------  T H R E A D  ---------------

Current thread (0x000001cfc6a31f30):  VMThread "VM Thread" [stack: 0x0000006300900000,0x0000006300a00000] [id=12716]

Stack: [0x0000006300900000,0x0000006300a00000],  sp=0x00000063009fe5a0,  free space=1017k
Native frames: (J=compiled Java code, j=interpreted, Vv=VM code, C=native code)
C  [ntdll.dll+0x126330]
C  [ntdll.dll+0xc791b]
C  [KERNELBASE.dll+0x740b9]
C  [RTWorkQ.DLL+0x8b08]


siginfo: EXCEPTION_?? (0xc000000d)


Registers:
RAX=0x000001cfcc21ac20, RBX=0x000001cfcb154c80, RCX=0x00007fffda6672a0, RDX=0x0000000000000000
RSP=0x00000063009fe5a0, RBP=0x00007ff8903f9a30, RSI=0x000001cfcc41fc40, RDI=0x0000000000000000
R8 =0x000001cfcc21ac1c, R9 =0x00000063009fe0c0, R10=0x000001cfcc21ac20, R11=0x0000000000000004
R12=0x000001cfcb154c80, R13=0x0000000000000000, R14=0x00000063009fe738, R15=0x00007ff8903f9a30
RIP=0x00007ff898076330, EFLAGS=0x0000000000000206


Register to memory mapping:

RIP=0x00007ff898076330 ntdll.dll
RAX=0x000001cfcc21ac20 points into unknown readable memory: 0x0000000001832eaa | aa 2e 83 01 00 00 00 00
RBX=0x000001cfcb154c80 points into unknown readable memory: 0x0000000000000000 | 00 00 00 00 00 00 00 00
RCX=0x00007fffda6672a0 jvm.dll
RDX=0x0 is NULL
RSP=0x00000063009fe5a0 points into unknown readable memory: 0x0000000000000057 | 57 00 00 00 00 00 00 00
RBP=0x00007ff8903f9a30 RTWorkQ.DLL
RSI=0x000001cfcc41fc40 points into unknown readable memory: 0x0044004e00000003 | 03 00 00 00 4e 00 44 00
RDI=0x0 is NULL
R8 =0x000001cfcc21ac1c points into unknown readable memory: 02 00 00 00
R9 =0x00000063009fe0c0 points into unknown readable memory: 0x0004000100040000 | 00 00 04 00 01 00 04 00
R10=0x000001cfcc21ac20 points into unknown readable memory: 0x0000000001832eaa | aa 2e 83 01 00 00 00 00
R11=0x0000000000000004 is an unknown value
R12=0x000001cfcb154c80 points into unknown readable memory: 0x0000000000000000 | 00 00 00 00 00 00 00 00
R13=0x0 is NULL
R14=0x00000063009fe738 points into unknown readable memory: 0x0000000000000000 | 00 00 00 00 00 00 00 00
R15=0x00007ff8903f9a30 RTWorkQ.DLL


Top of Stack: (sp=0x00000063009fe5a0)
0x00000063009fe5a0:   0000000000000057 000001cfcb154c80
0x00000063009fe5b0:   000001cfcc41fc40 0000000000000048
0x00000063009fe5c0:   00000080c000000d 0000000000000000
0x00000063009fe5d0:   00007ff898076330 0000000000000000
0x00000063009fe5e0:   0000000000000000 0000000000000000
0x00000063009fe5f0:   0000000000000000 0000000000000000
0x00000063009fe600:   0000000000000000 0000000000000000
0x00000063009fe610:   0000000000000000 0000000000000000
0x00000063009fe620:   0000000000000000 0000000000000000
0x00000063009fe630:   0000000000000000 0000000000000000
0x00000063009fe640:   0000000000000000 0000000000000000
0x00000063009fe650:   0000000000000000 000001cfcc41fb50
0x00000063009fe660:   0000d0ea89342853 0000000000000eb4
0x00000063009fe670:   0000000000000060 00007ff89801791b
0x00000063009fe680:   000001cfcc41fb50 00007ff8956ff73b
0x00000063009fe690:   000001cfcb154c80 00007ff8903f9a30 

Instructions: (pc=0x00007ff898076330)
0x00007ff898076230:   40 48 83 c4 30 5f c3 cc cc cc cc cc cc cc cc cc
0x00007ff898076240:   40 55 48 8d 6c 24 a9 48 81 ec d0 00 00 00 48 8b
0x00007ff898076250:   05 db 82 07 00 48 33 c4 48 89 45 47 4c 8b d2 4d
0x00007ff898076260:   85 c0 74 30 4d 8b 48 50 48 8d 05 31 7c f2 ff c7
0x00007ff898076270:   45 bf 05 00 00 00 4c 3b c8 75 13 49 8b 40 58 48
0x00007ff898076280:   8b 50 20 48 85 d2 74 06 48 89 55 e7 eb 0d 4c 89
0x00007ff898076290:   4d e7 eb 07 c7 45 bf 04 00 00 00 48 83 65 af 00
0x00007ff8980762a0:   48 83 65 df 00 48 63 c1 48 8d 4d a7 48 89 45 c7
0x00007ff8980762b0:   c7 45 a7 0a 07 00 c0 4c 89 55 cf 4c 89 45 d7 c7
0x00007ff8980762c0:   45 ab 01 00 00 00 e8 05 e0 f2 ff 48 8b 4d 47 48
0x00007ff8980762d0:   33 cc e8 b9 85 f6 ff 48 81 c4 d0 00 00 00 5d c3
0x00007ff8980762e0:   cc cc cc cc cc cc cc cc 48 81 ec d8 00 00 00 48
0x00007ff8980762f0:   8b 05 3a 82 07 00 48 33 c4 48 89 84 24 c0 00 00
0x00007ff898076300:   00 33 d2 41 b8 94 00 00 00 48 8d 4c 24 24 e8 fd
0x00007ff898076310:   ac 00 00 c7 44 24 20 0d 00 00 c0 b9 57 00 00 00
0x00007ff898076320:   e8 bb cf f2 ff 90 48 8d 4c 24 20 e8 a0 df f2 ff
0x00007ff898076330:   eb 00 48 8b 8c 24 c0 00 00 00 48 33 cc e8 4e 85
0x00007ff898076340:   f6 ff 48 81 c4 d8 00 00 00 c3 cc 40 55 48 83 ec
0x00007ff898076350:   20 48 8b ea e8 0f 00 00 00 90 48 83 c4 20 5d c3
0x00007ff898076360:   cc cc cc cc cc cc cc cc 48 83 ec 28 48 8b 51 08
0x00007ff898076370:   41 b8 03 00 00 00 48 8b 09 e8 92 0d fc ff 33 c0
0x00007ff898076380:   48 83 c4 28 c3 cc cc cc cc cc cc cc 48 8b 01 48
0x00007ff898076390:   83 c9 ff 8b 10 e9 26 9b f7 ff cc cc cc cc cc cc
0x00007ff8980763a0:   4c 8b dc 48 81 ec 88 00 00 00 48 8b 05 7f 81 07
0x00007ff8980763b0:   00 48 33 c4 48 89 44 24 70 48 8b 84 24 b0 00 00
0x00007ff8980763c0:   00 41 ba 24 1c 00 00 49 89 43 d8 8b 84 24 b8 00
0x00007ff8980763d0:   00 00 66 45 89 53 9e 49 89 4b b8 49 89 53 c0 4d
0x00007ff8980763e0:   89 43 c8 4d 89 4b d0 89 44 24 68 e8 c0 47 f1 ff
0x00007ff8980763f0:   85 c0 74 19 65 48 8b 04 25 60 00 00 00 48 8b 88
0x00007ff898076400:   90 00 00 00 48 81 c1 2c 02 00 00 eb 05 b9 86 03
0x00007ff898076410:   fe 7f 0f b6 09 4c 8d 4c 24 20 ba 03 04 00 00 41
0x00007ff898076420:   b8 2c 00 00 00 e8 c6 a0 f7 ff 48 8b 4c 24 70 48 


Stack slot to memory mapping:
stack at sp + 0 slots: 0x0000000000000057 is an unknown value
stack at sp + 1 slots: 0x000001cfcb154c80 points into unknown readable memory: 0x0000000000000000 | 00 00 00 00 00 00 00 00
stack at sp + 2 slots: 0x000001cfcc41fc40 points into unknown readable memory: 0x0044004e00000003 | 03 00 00 00 4e 00 44 00
stack at sp + 3 slots: 0x0000000000000048 is an unknown value
stack at sp + 4 slots: 0x00000080c000000d is an unknown value
stack at sp + 5 slots: 0x0 is NULL
stack at sp + 6 slots: 0x00007ff898076330 ntdll.dll
stack at sp + 7 slots: 0x0 is NULL

VM_Operation (0x0000006301afe490): Exit, mode: safepoint, requested by thread 0x000001cfcbf2d010


---------------  P R O C E S S  ---------------

Threads class SMR info:
_java_thread_list=0x000001cfcc49d590, length=16, elements={
0x000001cfcb00fe60, 0x000001cfcb010a50, 0x000001cfcb012f80, 0x000001cfcb013cc0,
0x000001cfcb0145f0, 0x000001cfcb019270, 0x000001cfcb033460, 0x000001cfcb01d3a0,
0x000001cfcb1e8b40, 0x000001cfcb1ec990, 0x000001cfcb3ef1f0, 0x000001cfcb3f0520,
0x000001cfcbf2d010, 0x000001cfa7f527e0, 0x000001cfcc6781a0, 0x000001cfd220c2f0
}

Java Threads: ( => current thread )
  0x000001cfcb00fe60 JavaThread "Reference Handler" daemon [_thread_blocked, id=25324, stack(0x0000006300a00000,0x0000006300b00000)]
  0x000001cfcb010a50 JavaThread "Finalizer" daemon [_thread_blocked, id=27248, stack(0x0000006300b00000,0x0000006300c00000)]
  0x000001cfcb012f80 JavaThread "Attach Listener" daemon [_thread_blocked, id=13668, stack(0x0000006300d00000,0x0000006300e00000)]
  0x000001cfcb013cc0 JavaThread "Service Thread" daemon [_thread_blocked, id=28892, stack(0x0000006300e00000,0x0000006300f00000)]
  0x000001cfcb0145f0 JavaThread "Monitor Deflation Thread" daemon [_thread_blocked, id=12988, stack(0x0000006300f00000,0x0000006301000000)]
  0x000001cfcb019270 JavaThread "C2 CompilerThread0" daemon [_thread_blocked, id=23132, stack(0x0000006301000000,0x0000006301100000)]
  0x000001cfcb033460 JavaThread "C1 CompilerThread0" daemon [_thread_blocked, id=11512, stack(0x0000006301100000,0x0000006301200000)]
  0x000001cfcb01d3a0 JavaThread "Sweeper thread" daemon [_thread_blocked, id=13500, stack(0x0000006301200000,0x0000006301300000)]
  0x000001cfcb1e8b40 JavaThread "Notification Thread" daemon [_thread_blocked, id=27208, stack(0x0000006301400000,0x0000006301500000)]
  0x000001cfcb1ec990 JavaThread "Common-Cleaner" daemon [_thread_blocked, id=11424, stack(0x0000006301600000,0x0000006301700000)]
  0x000001cfcb3ef1f0 JavaThread "Java2D Disposer" daemon [_thread_blocked, id=26656, stack(0x0000006301700000,0x0000006301800000)]
  0x000001cfcb3f0520 JavaThread "AWT-Shutdown" [_thread_blocked, id=23580, stack(0x0000006301800000,0x0000006301900000)]
  0x000001cfcbf2d010 JavaThread "AWT-EventQueue-0" [_thread_blocked, id=27004, stack(0x0000006301a00000,0x0000006301b00000)]
  0x000001cfa7f527e0 JavaThread "DestroyJavaVM" [_thread_blocked, id=9400, stack(0x0000006300300000,0x0000006300400000)]
  0x000001cfcc6781a0 JavaThread "TimerQueue" daemon [_thread_blocked, id=5684, stack(0x0000006302b00000,0x0000006302c00000)]
  0x000001cfd220c2f0 JavaThread "mysql-cj-abandoned-connection-cleanup" daemon [_thread_blocked, id=3240, stack(0x0000006302c00000,0x0000006302d00000)]

Other Threads:
=>0x000001cfc6a31f30 VMThread "VM Thread" [stack: 0x0000006300900000,0x0000006300a00000] [id=12716]
  0x000001cfa7fae570 WorkerThread "GC Thread#0" [stack: 0x0000006300400000,0x0000006300500000] [id=24984]
  0x000001cfcc45e620 WorkerThread "GC Thread#1" [stack: 0x0000006302e00000,0x0000006302f00000] [id=4952]
  0x000001cfcc458860 WorkerThread "GC Thread#2" [stack: 0x0000006302f00000,0x0000006303000000] [id=12424]
  0x000001cfcc457a50 WorkerThread "GC Thread#3" [stack: 0x0000006303100000,0x0000006303200000] [id=23116]
  0x000001cfcc457d20 WorkerThread "GC Thread#4" [stack: 0x0000006303200000,0x0000006303300000] [id=30572]
  0x000001cfcc459670 WorkerThread "GC Thread#5" [stack: 0x0000006303300000,0x0000006303400000] [id=7520]
  0x000001cfcc459c10 WorkerThread "GC Thread#6" [stack: 0x0000006303400000,0x0000006303500000] [id=27168]
  0x000001cfcc458b30 WorkerThread "GC Thread#7" [stack: 0x0000006303500000,0x0000006303600000] [id=18200]
  0x000001cfcc458e00 WorkerThread "GC Thread#8" [stack: 0x0000006303600000,0x0000006303700000] [id=30620]
  0x000001cfcc4590d0 WorkerThread "GC Thread#9" [stack: 0x0000006303700000,0x0000006303800000] [id=28600]
  0x000001cfcc45aa20 WorkerThread "GC Thread#10" [stack: 0x0000006303800000,0x0000006303900000] [id=21520]
  0x000001cfcc457ff0 WorkerThread "GC Thread#11" [stack: 0x0000006303900000,0x0000006303a00000] [id=23636]
  0x000001cfcc459940 WorkerThread "GC Thread#12" [stack: 0x0000006303a00000,0x0000006303b00000] [id=2688]
  0x000001cfa7fda7d0 ConcurrentGCThread "G1 Main Marker" terminated
  0x000001cfa7fdb200 WorkerThread "G1 Conc#0" [stack: 0x0000006300600000,0x0000006300700000] [id=22628]
  0x000001cfc68ebfa0 ConcurrentGCThread "G1 Refine#0" terminated
  0x000001cfc68edaf0 ConcurrentGCThread "G1 Service" terminated

Threads with active compile tasks:

VM state: at safepoint (shutting down)

VM Mutex/Monitor currently owned by a thread:  ([mutex/lock_event])
[0x000001cfa7f4e310] Threads_lock - owner thread: 0x000001cfc6a31f30
[0x000001cfa7f4da10] Heap_lock - owner thread: 0x000001cfcbf2d010

Heap address: 0x0000000089c00000, size: 1892 MB, Compressed Oops mode: 32-bit

CDS archive(s) mapped at: [0x0000000800000000-0x0000000800c40000-0x0000000800c40000), size 12845056, SharedBaseAddress: 0x0000000800000000, ArchiveRelocationMode: 0.
Compressed class space mapped at: 0x0000000801000000-0x0000000841000000, reserved size: 1073741824
Narrow klass base: 0x0000000800000000, Narrow klass shift: 0, Narrow klass range: 0x100000000

GC Precious Log:
 CardTable entry size: 512
 Card Set container configuration: InlinePtr #cards 5 size 8 Array Of Cards #cards 12 size 40 Howl #buckets 4 coarsen threshold 1843 Howl Bitmap #cards 512 size 80 coarsen threshold 460 Card regions per heap region 1 cards per card region 2048
 CPUs: 16 total, 16 available
 Memory: 7561M
 Large Page Support: Disabled
 NUMA Support: Disabled
 Compressed Oops: Enabled (32-bit)
 Heap Region Size: 1M
 Heap Min Capacity: 8M
 Heap Initial Capacity: 120M
 Heap Max Capacity: 1892M
 Pre-touch: Disabled
 Parallel Workers: 13
 Concurrent Workers: 3
 Concurrent Refinement Workers: 13
 Periodic GC: Disabled

Heap:
 garbage-first heap   total 122880K, used 54037K [0x0000000089c00000, 0x0000000100000000)
  region size 1024K, 50 young (51200K), 1 survivors (1024K)
 Metaspace       used 16787K, committed 17024K, reserved 1114112K
  class space    used 1790K, committed 1920K, reserved 1048576K

Heap Regions: E=young(eden), S=young(survivor), O=old, HS=humongous(starts), HC=humongous(continues), CS=collection set, F=free, OA=open archive, CA=closed archive, TAMS=top-at-mark-start (previous, next)
|   0|0x0000000089c00000, 0x0000000089d00000, 0x0000000089d00000|100%| O|  |TAMS 0x0000000089c00000, 0x0000000089c00000| Untracked 
|   1|0x0000000089d00000, 0x0000000089e00000, 0x0000000089e00000|100%| O|  |TAMS 0x0000000089d00000, 0x0000000089d00000| Untracked 
|   2|0x0000000089e00000, 0x0000000089f00000, 0x0000000089f00000|100%| O|  |TAMS 0x0000000089e00000, 0x0000000089e00000| Untracked 
|   3|0x0000000089f00000, 0x000000008a000000, 0x000000008a000000|100%| O|  |TAMS 0x0000000089f00000, 0x0000000089f00000| Untracked 
|   4|0x000000008a000000, 0x000000008a100000, 0x000000008a100000|100%| O|  |TAMS 0x000000008a000000, 0x000000008a000000| Untracked 
|   5|0x000000008a100000, 0x000000008a115400, 0x000000008a200000|  8%| O|  |TAMS 0x000000008a100000, 0x000000008a100000| Untracked 
|   6|0x000000008a200000, 0x000000008a200000, 0x000000008a300000|  0%| F|  |TAMS 0x000000008a200000, 0x000000008a200000| Untracked 
|   7|0x000000008a300000, 0x000000008a300000, 0x000000008a400000|  0%| F|  |TAMS 0x000000008a300000, 0x000000008a300000| Untracked 
|   8|0x000000008a400000, 0x000000008a400000, 0x000000008a500000|  0%| F|  |TAMS 0x000000008a400000, 0x000000008a400000| Untracked 
|   9|0x000000008a500000, 0x000000008a500000, 0x000000008a600000|  0%| F|  |TAMS 0x000000008a500000, 0x000000008a500000| Untracked 
|  10|0x000000008a600000, 0x000000008a600000, 0x000000008a700000|  0%| F|  |TAMS 0x000000008a600000, 0x000000008a600000| Untracked 
|  11|0x000000008a700000, 0x000000008a700000, 0x000000008a800000|  0%| F|  |TAMS 0x000000008a700000, 0x000000008a700000| Untracked 
|  12|0x000000008a800000, 0x000000008a800000, 0x000000008a900000|  0%| F|  |TAMS 0x000000008a800000, 0x000000008a800000| Untracked 
|  13|0x000000008a900000, 0x000000008a900000, 0x000000008aa00000|  0%| F|  |TAMS 0x000000008a900000, 0x000000008a900000| Untracked 
|  14|0x000000008aa00000, 0x000000008aa00000, 0x000000008ab00000|  0%| F|  |TAMS 0x000000008aa00000, 0x000000008aa00000| Untracked 
|  15|0x000000008ab00000, 0x000000008ab00000, 0x000000008ac00000|  0%| F|  |TAMS 0x000000008ab00000, 0x000000008ab00000| Untracked 
|  16|0x000000008ac00000, 0x000000008ac00000, 0x000000008ad00000|  0%| F|  |TAMS 0x000000008ac00000, 0x000000008ac00000| Untracked 
|  17|0x000000008ad00000, 0x000000008ad00000, 0x000000008ae00000|  0%| F|  |TAMS 0x000000008ad00000, 0x000000008ad00000| Untracked 
|  18|0x000000008ae00000, 0x000000008ae00000, 0x000000008af00000|  0%| F|  |TAMS 0x000000008ae00000, 0x000000008ae00000| Untracked 
|  19|0x000000008af00000, 0x000000008af00000, 0x000000008b000000|  0%| F|  |TAMS 0x000000008af00000, 0x000000008af00000| Untracked 
|  20|0x000000008b000000, 0x000000008b000000, 0x000000008b100000|  0%| F|  |TAMS 0x000000008b000000, 0x000000008b000000| Untracked 
|  21|0x000000008b100000, 0x000000008b100000, 0x000000008b200000|  0%| F|  |TAMS 0x000000008b100000, 0x000000008b100000| Untracked 
|  22|0x000000008b200000, 0x000000008b200000, 0x000000008b300000|  0%| F|  |TAMS 0x000000008b200000, 0x000000008b200000| Untracked 
|  23|0x000000008b300000, 0x000000008b300000, 0x000000008b400000|  0%| F|  |TAMS 0x000000008b300000, 0x000000008b300000| Untracked 
|  24|0x000000008b400000, 0x000000008b400000, 0x000000008b500000|  0%| F|  |TAMS 0x000000008b400000, 0x000000008b400000| Untracked 
|  25|0x000000008b500000, 0x000000008b500000, 0x000000008b600000|  0%| F|  |TAMS 0x000000008b500000, 0x000000008b500000| Untracked 
|  26|0x000000008b600000, 0x000000008b600000, 0x000000008b700000|  0%| F|  |TAMS 0x000000008b600000, 0x000000008b600000| Untracked 
|  27|0x000000008b700000, 0x000000008b700000, 0x000000008b800000|  0%| F|  |TAMS 0x000000008b700000, 0x000000008b700000| Untracked 
|  28|0x000000008b800000, 0x000000008b800000, 0x000000008b900000|  0%| F|  |TAMS 0x000000008b800000, 0x000000008b800000| Untracked 
|  29|0x000000008b900000, 0x000000008b900000, 0x000000008ba00000|  0%| F|  |TAMS 0x000000008b900000, 0x000000008b900000| Untracked 
|  30|0x000000008ba00000, 0x000000008ba00000, 0x000000008bb00000|  0%| F|  |TAMS 0x000000008ba00000, 0x000000008ba00000| Untracked 
|  31|0x000000008bb00000, 0x000000008bb00000, 0x000000008bc00000|  0%| F|  |TAMS 0x000000008bb00000, 0x000000008bb00000| Untracked 
|  32|0x000000008bc00000, 0x000000008bc00000, 0x000000008bd00000|  0%| F|  |TAMS 0x000000008bc00000, 0x000000008bc00000| Untracked 
|  33|0x000000008bd00000, 0x000000008bd00000, 0x000000008be00000|  0%| F|  |TAMS 0x000000008bd00000, 0x000000008bd00000| Untracked 
|  34|0x000000008be00000, 0x000000008be00000, 0x000000008bf00000|  0%| F|  |TAMS 0x000000008be00000, 0x000000008be00000| Untracked 
|  35|0x000000008bf00000, 0x000000008bf00000, 0x000000008c000000|  0%| F|  |TAMS 0x000000008bf00000, 0x000000008bf00000| Untracked 
|  36|0x000000008c000000, 0x000000008c000000, 0x000000008c100000|  0%| F|  |TAMS 0x000000008c000000, 0x000000008c000000| Untracked 
|  37|0x000000008c100000, 0x000000008c100000, 0x000000008c200000|  0%| F|  |TAMS 0x000000008c100000, 0x000000008c100000| Untracked 
|  38|0x000000008c200000, 0x000000008c200000, 0x000000008c300000|  0%| F|  |TAMS 0x000000008c200000, 0x000000008c200000| Untracked 
|  39|0x000000008c300000, 0x000000008c300000, 0x000000008c400000|  0%| F|  |TAMS 0x000000008c300000, 0x000000008c300000| Untracked 
|  40|0x000000008c400000, 0x000000008c400000, 0x000000008c500000|  0%| F|  |TAMS 0x000000008c400000, 0x000000008c400000| Untracked 
|  41|0x000000008c500000, 0x000000008c500000, 0x000000008c600000|  0%| F|  |TAMS 0x000000008c500000, 0x000000008c500000| Untracked 
|  42|0x000000008c600000, 0x000000008c600000, 0x000000008c700000|  0%| F|  |TAMS 0x000000008c600000, 0x000000008c600000| Untracked 
|  43|0x000000008c700000, 0x000000008c700000, 0x000000008c800000|  0%| F|  |TAMS 0x000000008c700000, 0x000000008c700000| Untracked 
|  44|0x000000008c800000, 0x000000008c800000, 0x000000008c900000|  0%| F|  |TAMS 0x000000008c800000, 0x000000008c800000| Untracked 
|  45|0x000000008c900000, 0x000000008c900000, 0x000000008ca00000|  0%| F|  |TAMS 0x000000008c900000, 0x000000008c900000| Untracked 
|  46|0x000000008ca00000, 0x000000008ca00000, 0x000000008cb00000|  0%| F|  |TAMS 0x000000008ca00000, 0x000000008ca00000| Untracked 
|  47|0x000000008cb00000, 0x000000008cb00000, 0x000000008cc00000|  0%| F|  |TAMS 0x000000008cb00000, 0x000000008cb00000| Untracked 
|  48|0x000000008cc00000, 0x000000008cc00000, 0x000000008cd00000|  0%| F|  |TAMS 0x000000008cc00000, 0x000000008cc00000| Untracked 
|  49|0x000000008cd00000, 0x000000008cd00000, 0x000000008ce00000|  0%| F|  |TAMS 0x000000008cd00000, 0x000000008cd00000| Untracked 
|  50|0x000000008ce00000, 0x000000008ce00000, 0x000000008cf00000|  0%| F|  |TAMS 0x000000008ce00000, 0x000000008ce00000| Untracked 
|  51|0x000000008cf00000, 0x000000008cf00000, 0x000000008d000000|  0%| F|  |TAMS 0x000000008cf00000, 0x000000008cf00000| Untracked 
|  52|0x000000008d000000, 0x000000008d000000, 0x000000008d100000|  0%| F|  |TAMS 0x000000008d000000, 0x000000008d000000| Untracked 
|  53|0x000000008d100000, 0x000000008d100000, 0x000000008d200000|  0%| F|  |TAMS 0x000000008d100000, 0x000000008d100000| Untracked 
|  54|0x000000008d200000, 0x000000008d200000, 0x000000008d300000|  0%| F|  |TAMS 0x000000008d200000, 0x000000008d200000| Untracked 
|  55|0x000000008d300000, 0x000000008d300000, 0x000000008d400000|  0%| F|  |TAMS 0x000000008d300000, 0x000000008d300000| Untracked 
|  56|0x000000008d400000, 0x000000008d400000, 0x000000008d500000|  0%| F|  |TAMS 0x000000008d400000, 0x000000008d400000| Untracked 
|  57|0x000000008d500000, 0x000000008d500000, 0x000000008d600000|  0%| F|  |TAMS 0x000000008d500000, 0x000000008d500000| Untracked 
|  58|0x000000008d600000, 0x000000008d600000, 0x000000008d700000|  0%| F|  |TAMS 0x000000008d600000, 0x000000008d600000| Untracked 
|  59|0x000000008d700000, 0x000000008d700000, 0x000000008d800000|  0%| F|  |TAMS 0x000000008d700000, 0x000000008d700000| Untracked 
|  60|0x000000008d800000, 0x000000008d800000, 0x000000008d900000|  0%| F|  |TAMS 0x000000008d800000, 0x000000008d800000| Untracked 
|  61|0x000000008d900000, 0x000000008d900000, 0x000000008da00000|  0%| F|  |TAMS 0x000000008d900000, 0x000000008d900000| Untracked 
|  62|0x000000008da00000, 0x000000008da00000, 0x000000008db00000|  0%| F|  |TAMS 0x000000008da00000, 0x000000008da00000| Untracked 
|  63|0x000000008db00000, 0x000000008db00000, 0x000000008dc00000|  0%| F|  |TAMS 0x000000008db00000, 0x000000008db00000| Untracked 
|  64|0x000000008dc00000, 0x000000008dc00000, 0x000000008dd00000|  0%| F|  |TAMS 0x000000008dc00000, 0x000000008dc00000| Untracked 
|  65|0x000000008dd00000, 0x000000008dd00000, 0x000000008de00000|  0%| F|  |TAMS 0x000000008dd00000, 0x000000008dd00000| Untracked 
|  66|0x000000008de00000, 0x000000008de00000, 0x000000008df00000|  0%| F|  |TAMS 0x000000008de00000, 0x000000008de00000| Untracked 
|  67|0x000000008df00000, 0x000000008df00000, 0x000000008e000000|  0%| F|  |TAMS 0x000000008df00000, 0x000000008df00000| Untracked 
|  68|0x000000008e000000, 0x000000008e000000, 0x000000008e100000|  0%| F|  |TAMS 0x000000008e000000, 0x000000008e000000| Untracked 
|  69|0x000000008e100000, 0x000000008e100000, 0x000000008e200000|  0%| F|  |TAMS 0x000000008e100000, 0x000000008e100000| Untracked 
|  70|0x000000008e200000, 0x000000008e298708, 0x000000008e300000| 59%| E|  |TAMS 0x000000008e200000, 0x000000008e200000| Complete 
|  71|0x000000008e300000, 0x000000008e400000, 0x000000008e400000|100%| E|CS|TAMS 0x000000008e300000, 0x000000008e300000| Complete 
|  72|0x000000008e400000, 0x000000008e500000, 0x000000008e500000|100%| E|CS|TAMS 0x000000008e400000, 0x000000008e400000| Complete 
|  73|0x000000008e500000, 0x000000008e600000, 0x000000008e600000|100%| E|  |TAMS 0x000000008e500000, 0x000000008e500000| Complete 
|  74|0x000000008e600000, 0x000000008e700000, 0x000000008e700000|100%| E|CS|TAMS 0x000000008e600000, 0x000000008e600000| Complete 
|  75|0x000000008e700000, 0x000000008e800000, 0x000000008e800000|100%| E|CS|TAMS 0x000000008e700000, 0x000000008e700000| Complete 
|  76|0x000000008e800000, 0x000000008e900000, 0x000000008e900000|100%| E|CS|TAMS 0x000000008e800000, 0x000000008e800000| Complete 
|  77|0x000000008e900000, 0x000000008ea00000, 0x000000008ea00000|100%| E|CS|TAMS 0x000000008e900000, 0x000000008e900000| Complete 
|  78|0x000000008ea00000, 0x000000008eb00000, 0x000000008eb00000|100%| E|CS|TAMS 0x000000008ea00000, 0x000000008ea00000| Complete 
|  79|0x000000008eb00000, 0x000000008ec00000, 0x000000008ec00000|100%| E|CS|TAMS 0x000000008eb00000, 0x000000008eb00000| Complete 
|  80|0x000000008ec00000, 0x000000008ed00000, 0x000000008ed00000|100%| E|CS|TAMS 0x000000008ec00000, 0x000000008ec00000| Complete 
|  81|0x000000008ed00000, 0x000000008ee00000, 0x000000008ee00000|100%| E|CS|TAMS 0x000000008ed00000, 0x000000008ed00000| Complete 
|  82|0x000000008ee00000, 0x000000008ef00000, 0x000000008ef00000|100%| E|CS|TAMS 0x000000008ee00000, 0x000000008ee00000| Complete 
|  83|0x000000008ef00000, 0x000000008f000000, 0x000000008f000000|100%| E|CS|TAMS 0x000000008ef00000, 0x000000008ef00000| Complete 
|  84|0x000000008f000000, 0x000000008f100000, 0x000000008f100000|100%| E|CS|TAMS 0x000000008f000000, 0x000000008f000000| Complete 
|  85|0x000000008f100000, 0x000000008f200000, 0x000000008f200000|100%| E|CS|TAMS 0x000000008f100000, 0x000000008f100000| Complete 
|  86|0x000000008f200000, 0x000000008f300000, 0x000000008f300000|100%| E|CS|TAMS 0x000000008f200000, 0x000000008f200000| Complete 
|  87|0x000000008f300000, 0x000000008f400000, 0x000000008f400000|100%| E|CS|TAMS 0x000000008f300000, 0x000000008f300000| Complete 
|  88|0x000000008f400000, 0x000000008f4b02f0, 0x000000008f500000| 68%| S|CS|TAMS 0x000000008f400000, 0x000000008f400000| Complete 
|  89|0x000000008f500000, 0x000000008f600000, 0x000000008f600000|100%| E|CS|TAMS 0x000000008f500000, 0x000000008f500000| Complete 
|  90|0x000000008f600000, 0x000000008f700000, 0x000000008f700000|100%| E|CS|TAMS 0x000000008f600000, 0x000000008f600000| Complete 
|  91|0x000000008f700000, 0x000000008f800000, 0x000000008f800000|100%| E|CS|TAMS 0x000000008f700000, 0x000000008f700000| Complete 
|  92|0x000000008f800000, 0x000000008f900000, 0x000000008f900000|100%| E|CS|TAMS 0x000000008f800000, 0x000000008f800000| Complete 
|  93|0x000000008f900000, 0x000000008fa00000, 0x000000008fa00000|100%| E|CS|TAMS 0x000000008f900000, 0x000000008f900000| Complete 
|  94|0x000000008fa00000, 0x000000008fb00000, 0x000000008fb00000|100%| E|CS|TAMS 0x000000008fa00000, 0x000000008fa00000| Complete 
|  95|0x000000008fb00000, 0x000000008fc00000, 0x000000008fc00000|100%| E|CS|TAMS 0x000000008fb00000, 0x000000008fb00000| Complete 
|  96|0x000000008fc00000, 0x000000008fd00000, 0x000000008fd00000|100%| E|CS|TAMS 0x000000008fc00000, 0x000000008fc00000| Complete 
|  97|0x000000008fd00000, 0x000000008fe00000, 0x000000008fe00000|100%| E|CS|TAMS 0x000000008fd00000, 0x000000008fd00000| Complete 
|  98|0x000000008fe00000, 0x000000008ff00000, 0x000000008ff00000|100%| E|CS|TAMS 0x000000008fe00000, 0x000000008fe00000| Complete 
|  99|0x000000008ff00000, 0x0000000090000000, 0x0000000090000000|100%| E|CS|TAMS 0x000000008ff00000, 0x000000008ff00000| Complete 
| 100|0x0000000090000000, 0x0000000090100000, 0x0000000090100000|100%| E|CS|TAMS 0x0000000090000000, 0x0000000090000000| Complete 
| 101|0x0000000090100000, 0x0000000090200000, 0x0000000090200000|100%| E|CS|TAMS 0x0000000090100000, 0x0000000090100000| Complete 
| 102|0x0000000090200000, 0x0000000090300000, 0x0000000090300000|100%| E|CS|TAMS 0x0000000090200000, 0x0000000090200000| Complete 
| 103|0x0000000090300000, 0x0000000090400000, 0x0000000090400000|100%| E|CS|TAMS 0x0000000090300000, 0x0000000090300000| Complete 
| 104|0x0000000090400000, 0x0000000090500000, 0x0000000090500000|100%| E|CS|TAMS 0x0000000090400000, 0x0000000090400000| Complete 
| 105|0x0000000090500000, 0x0000000090600000, 0x0000000090600000|100%| E|CS|TAMS 0x0000000090500000, 0x0000000090500000| Complete 
| 106|0x0000000090600000, 0x0000000090700000, 0x0000000090700000|100%| E|CS|TAMS 0x0000000090600000, 0x0000000090600000| Complete 
| 107|0x0000000090700000, 0x0000000090800000, 0x0000000090800000|100%| E|CS|TAMS 0x0000000090700000, 0x0000000090700000| Complete 
| 108|0x0000000090800000, 0x0000000090900000, 0x0000000090900000|100%| E|CS|TAMS 0x0000000090800000, 0x0000000090800000| Complete 
| 109|0x0000000090900000, 0x0000000090a00000, 0x0000000090a00000|100%| E|CS|TAMS 0x0000000090900000, 0x0000000090900000| Complete 
| 110|0x0000000090a00000, 0x0000000090b00000, 0x0000000090b00000|100%| E|CS|TAMS 0x0000000090a00000, 0x0000000090a00000| Complete 
| 111|0x0000000090b00000, 0x0000000090c00000, 0x0000000090c00000|100%| E|CS|TAMS 0x0000000090b00000, 0x0000000090b00000| Complete 
| 112|0x0000000090c00000, 0x0000000090d00000, 0x0000000090d00000|100%| E|CS|TAMS 0x0000000090c00000, 0x0000000090c00000| Complete 
| 113|0x0000000090d00000, 0x0000000090e00000, 0x0000000090e00000|100%| E|CS|TAMS 0x0000000090d00000, 0x0000000090d00000| Complete 
| 114|0x0000000090e00000, 0x0000000090f00000, 0x0000000090f00000|100%| E|CS|TAMS 0x0000000090e00000, 0x0000000090e00000| Complete 
| 115|0x0000000090f00000, 0x0000000091000000, 0x0000000091000000|100%| E|CS|TAMS 0x0000000090f00000, 0x0000000090f00000| Complete 
| 116|0x0000000091000000, 0x0000000091100000, 0x0000000091100000|100%| E|CS|TAMS 0x0000000091000000, 0x0000000091000000| Complete 
| 117|0x0000000091100000, 0x0000000091200000, 0x0000000091200000|100%| E|CS|TAMS 0x0000000091100000, 0x0000000091100000| Complete 
| 118|0x0000000091200000, 0x0000000091300000, 0x0000000091300000|100%| E|CS|TAMS 0x0000000091200000, 0x0000000091200000| Complete 
| 119|0x0000000091300000, 0x0000000091400000, 0x0000000091400000|100%| E|CS|TAMS 0x0000000091300000, 0x0000000091300000| Complete 

Card table byte_map: [0x000001cfbfaf0000,0x000001cfbfeb0000] _byte_map_base: 0x000001cfbf6a2000

Marking Bits (Prev, Next): (CMBitMap*) 0x000001cfa7faeba0, (CMBitMap*) 0x000001cfa7faebe0
 Prev Bits: [0x000001cfc0270000, 0x000001cfc2000000)
 Next Bits: [0x000001cfc2000000, 0x000001cfc3d90000)

Polling page: 0x000001cfa5f30000

Metaspace:

Usage:
  Non-class:     14.65 MB used.
      Class:      1.75 MB used.
       Both:     16.39 MB used.

Virtual space:
  Non-class space:       64.00 MB reserved,      14.75 MB ( 23%) committed,  1 nodes.
      Class space:        1.00 GB reserved,       1.88 MB ( <1%) committed,  1 nodes.
             Both:        1.06 GB reserved,      16.62 MB (  2%) committed. 

Chunk freelists:
   Non-Class:  408.00 KB
       Class:  2.04 MB
        Both:  2.44 MB

MaxMetaspaceSize: unlimited
CompressedClassSpaceSize: 1.00 GB
Initial GC threshold: 21.00 MB
Current GC threshold: 21.00 MB
CDS: on
MetaspaceReclaimPolicy: balanced
 - commit_granule_bytes: 65536.
 - commit_granule_words: 8192.
 - virtual_space_node_default_size: 8388608.
 - enlarge_chunks_in_place: 1.
 - new_chunks_are_fully_committed: 0.
 - uncommit_free_chunks: 1.
 - use_allocation_guard: 0.


Internal statistics:

num_allocs_failed_limit: 0.
num_arena_births: 204.
num_arena_deaths: 0.
num_vsnodes_births: 2.
num_vsnodes_deaths: 0.
num_space_committed: 266.
num_space_uncommitted: 0.
num_chunks_returned_to_freelist: 0.
num_chunks_taken_from_freelist: 396.
num_chunk_merges: 0.
num_chunk_splits: 271.
num_chunks_enlarged: 193.
num_inconsistent_stats: 0.

CodeHeap 'non-profiled nmethods': size=119168Kb used=896Kb max_used=896Kb free=118271Kb
 bounds [0x000001cfb7a50000, 0x000001cfb7cc0000, 0x000001cfbeeb0000]
CodeHeap 'profiled nmethods': size=119104Kb used=5924Kb max_used=5924Kb free=113179Kb
 bounds [0x000001cfafeb0000, 0x000001cfb0480000, 0x000001cfb7300000]
CodeHeap 'non-nmethods': size=7488Kb used=1479Kb max_used=3168Kb free=6008Kb
 bounds [0x000001cfb7300000, 0x000001cfb76b0000, 0x000001cfb7a50000]
 total_blobs=3609 nmethods=2854 adapters=665
 compilation: enabled
              stopped_count=0, restarted_count=0
 full_count=0

Compilation events (20 events):
Event: 134.446 Thread 0x000001cfcb033460 2841       3       java.lang.ProcessEnvironment$NameComparator::compare (13 bytes)
Event: 134.446 Thread 0x000001cfcb033460 nmethod 2841 0x000001cfb0472c90 code [0x000001cfb0472e40, 0x000001cfb0473168]
Event: 134.460 Thread 0x000001cfcb033460 2843       3       sun.invoke.util.Wrapper::isSubwordOrInt (20 bytes)
Event: 134.460 Thread 0x000001cfcb033460 nmethod 2843 0x000001cfb0473290 code [0x000001cfb0473460, 0x000001cfb0473878]
Event: 134.460 Thread 0x000001cfcb033460 2844       3       sun.invoke.util.Wrapper::isIntegral (23 bytes)
Event: 134.460 Thread 0x000001cfcb033460 nmethod 2844 0x000001cfb0473990 code [0x000001cfb0473b40, 0x000001cfb0473d98]
Event: 134.460 Thread 0x000001cfcb033460 2845       3       sun.invoke.util.Wrapper::isNumeric (16 bytes)
Event: 134.461 Thread 0x000001cfcb033460 nmethod 2845 0x000001cfb0473e90 code [0x000001cfb0474020, 0x000001cfb0474198]
Event: 134.461 Thread 0x000001cfcb033460 2847       3       java.lang.invoke.MethodHandles$Lookup::resolveOrFail (48 bytes)
Event: 134.461 Thread 0x000001cfcb033460 nmethod 2847 0x000001cfb0474210 code [0x000001cfb0474440, 0x000001cfb0474ae8]
Event: 134.461 Thread 0x000001cfcb033460 2848       3       java.lang.invoke.MethodHandles$Lookup::checkMethodName (45 bytes)
Event: 134.461 Thread 0x000001cfcb033460 nmethod 2848 0x000001cfb0474d90 code [0x000001cfb0474fc0, 0x000001cfb0475658]
Event: 134.462 Thread 0x000001cfcb033460 2850       3       java.lang.System::checkKey (34 bytes)
Event: 134.462 Thread 0x000001cfcb033460 nmethod 2850 0x000001cfb0475990 code [0x000001cfb0475b60, 0x000001cfb0475f18]
Event: 134.463 Thread 0x000001cfcb033460 2852       3       java.lang.invoke.MethodHandles$Lookup::getDirectConstructorCommon (69 bytes)
Event: 134.463 Thread 0x000001cfcb033460 nmethod 2852 0x000001cfb0476090 code [0x000001cfb0476300, 0x000001cfb0476e38]
Event: 134.463 Thread 0x000001cfcb033460 2854       3       java.lang.invoke.MemberName::asSpecial (89 bytes)
Event: 134.464 Thread 0x000001cfcb033460 nmethod 2854 0x000001cfb0477210 code [0x000001cfb04774e0, 0x000001cfb04781e8]
Event: 134.464 Thread 0x000001cfcb033460 2853       3       java.lang.invoke.MemberName::asConstructor (58 bytes)
Event: 134.464 Thread 0x000001cfcb033460 nmethod 2853 0x000001cfb0478690 code [0x000001cfb04788a0, 0x000001cfb0478ec8]

GC Heap History (4 events):
Event: 11.949 GC heap before
{Heap before GC invocations=0 (full 0):
 garbage-first heap   total 122880K, used 22528K [0x0000000089c00000, 0x0000000100000000)
  region size 1024K, 23 young (23552K), 0 survivors (0K)
 Metaspace       used 14941K, committed 15232K, reserved 1114112K
  class space    used 1598K, committed 1728K, reserved 1048576K
}
Event: 11.954 GC heap after
{Heap after GC invocations=1 (full 0):
 garbage-first heap   total 122880K, used 5159K [0x0000000089c00000, 0x0000000100000000)
  region size 1024K, 3 young (3072K), 3 survivors (3072K)
 Metaspace       used 14941K, committed 15232K, reserved 1114112K
  class space    used 1598K, committed 1728K, reserved 1048576K
}
Event: 52.872 GC heap before
{Heap before GC invocations=1 (full 0):
 garbage-first heap   total 122880K, used 32807K [0x0000000089c00000, 0x0000000100000000)
  region size 1024K, 31 young (31744K), 3 survivors (3072K)
 Metaspace       used 16553K, committed 16832K, reserved 1114112K
  class space    used 1773K, committed 1920K, reserved 1048576K
}
Event: 52.876 GC heap after
{Heap after GC invocations=2 (full 0):
 garbage-first heap   total 122880K, used 5909K [0x0000000089c00000, 0x0000000100000000)
  region size 1024K, 1 young (1024K), 1 survivors (1024K)
 Metaspace       used 16553K, committed 16832K, reserved 1114112K
  class space    used 1773K, committed 1920K, reserved 1048576K
}

Dll operation events (19 events):
Event: 0.006 Loaded shared library C:\Program Files\JAVA\jdk-19\bin\java.dll
Event: 0.014 Loaded shared library C:\Program Files\JAVA\jdk-19\bin\jsvml.dll
Event: 0.058 Loaded shared library C:\Program Files\JAVA\jdk-19\bin\jimage.dll
Event: 0.063 Loaded shared library C:\Program Files\JAVA\jdk-19\bin\net.dll
Event: 0.064 Loaded shared library C:\Program Files\JAVA\jdk-19\bin\nio.dll
Event: 0.070 Loaded shared library C:\Program Files\JAVA\jdk-19\bin\zip.dll
Event: 0.093 Loaded shared library C:\Program Files\JAVA\jdk-19\bin\awt.dll
Event: 0.210 Loaded shared library C:\Program Files\JAVA\jdk-19\bin\freetype.dll
Event: 0.210 Loaded shared library C:\Program Files\JAVA\jdk-19\bin\fontmanager.dll
Event: 4.635 Loaded shared library C:\Program Files\JAVA\jdk-19\bin\extnet.dll
Event: 11.948 Loaded shared library C:\Program Files\JAVA\jdk-19\bin\verify.dll
Event: 12.011 Loaded shared library C:\Users\HARSHIT\AppData\Local\Temp\javacpp157802528817500\msvcr100.dll
Event: 12.021 Loaded shared library C:\Users\HARSHIT\AppData\Local\Temp\javacpp157802528817500\msvcp100.dll
Event: 12.141 Loaded shared library C:\Users\HARSHIT\AppData\Local\Temp\javacpp157802528817500\opencv_ffmpeg248_64.dll
Event: 12.175 Loaded shared library C:\Users\HARSHIT\AppData\Local\Temp\javacpp157802528817500\opencv_core248.dll
Event: 12.206 Loaded shared library C:\Users\HARSHIT\AppData\Local\Temp\javacpp157802528817500\opencv_imgproc248.dll
Event: 12.240 Loaded shared library C:\Users\HARSHIT\AppData\Local\Temp\javacpp157802528817500\opencv_highgui248.dll
Event: 12.245 Loaded shared library C:\Users\HARSHIT\AppData\Local\Temp\javacpp157802528817500\jniopencv_highgui.dll
Event: 13.769 Loaded shared library C:\Users\HARSHIT\AppData\Local\Temp\javacpp157802528817500\jniopencv_core.dll

Deoptimization events (20 events):
Event: 12.255 Thread 0x000001cfd220bda0 Uncommon trap: trap_request=0xffffffde fr.pc=0x000001cfb7b17aac relative=0x000000000000010c
Event: 12.255 Thread 0x000001cfd220bda0 Uncommon trap: reason=class_check action=maybe_recompile pc=0x000001cfb7b17aac method=jdk.internal.misc.Unsafe.allocateUninitializedArray(Ljava/lang/Class;I)Ljava/lang/Object; @ 51 c2
Event: 12.255 Thread 0x000001cfd220bda0 DEOPT PACKING pc=0x000001cfb7b17aac sp=0x0000006302dfd110
Event: 12.255 Thread 0x000001cfd220bda0 DEOPT UNPACKING pc=0x000001cfb7366da3 sp=0x0000006302dfd098 mode 2
Event: 12.255 Thread 0x000001cfd220bda0 Uncommon trap: trap_request=0xffffffde fr.pc=0x000001cfb7b17aac relative=0x000000000000010c
Event: 12.255 Thread 0x000001cfd220bda0 Uncommon trap: reason=class_check action=maybe_recompile pc=0x000001cfb7b17aac method=jdk.internal.misc.Unsafe.allocateUninitializedArray(Ljava/lang/Class;I)Ljava/lang/Object; @ 51 c2
Event: 12.255 Thread 0x000001cfd220bda0 DEOPT PACKING pc=0x000001cfb7b17aac sp=0x0000006302dfd110
Event: 12.255 Thread 0x000001cfd220bda0 DEOPT UNPACKING pc=0x000001cfb7366da3 sp=0x0000006302dfd098 mode 2
Event: 13.836 Thread 0x000001cfcbf2d010 DEOPT PACKING pc=0x000001cfb02caab4 sp=0x0000006301afd300
Event: 13.836 Thread 0x000001cfcbf2d010 DEOPT UNPACKING pc=0x000001cfb7367543 sp=0x0000006301afc6f0 mode 0
Event: 13.931 Thread 0x000001cfd220bda0 DEOPT PACKING pc=0x000001cfb020cacc sp=0x0000006302dfe4f0
Event: 13.931 Thread 0x000001cfd220bda0 DEOPT UNPACKING pc=0x000001cfb7367543 sp=0x0000006302dfd9c8 mode 0
Event: 13.931 Thread 0x000001cfd220bda0 DEOPT PACKING pc=0x000001cfb009a8d4 sp=0x0000006302dfe8d0
Event: 13.931 Thread 0x000001cfd220bda0 DEOPT UNPACKING pc=0x000001cfb7367543 sp=0x0000006302dfddc0 mode 0
Event: 14.153 Thread 0x000001cfd220bda0 DEOPT PACKING pc=0x000001cfb03cc2f6 sp=0x0000006302dfec20
Event: 14.153 Thread 0x000001cfd220bda0 DEOPT UNPACKING pc=0x000001cfb7367543 sp=0x0000006302dfe108 mode 0
Event: 14.153 Thread 0x000001cfd220bda0 Uncommon trap: trap_request=0xffffff45 fr.pc=0x000001cfb7b1ee34 relative=0x00000000000009b4
Event: 14.153 Thread 0x000001cfd220bda0 Uncommon trap: reason=unstable_if action=reinterpret pc=0x000001cfb7b1ee34 method=com.googlecode.javacv.cpp.opencv_core$IplImage.flipCopyWithGamma(Ljava/nio/ByteBuffer;ILjava/nio/ByteBuffer;IZDZI)V @ 50 c2
Event: 14.153 Thread 0x000001cfd220bda0 DEOPT PACKING pc=0x000001cfb7b1ee34 sp=0x0000006302dfec30
Event: 14.153 Thread 0x000001cfd220bda0 DEOPT UNPACKING pc=0x000001cfb7366da3 sp=0x0000006302dfec08 mode 2

Classes loaded (20 events):
Event: 134.444 Loading class java/lang/ProcessEnvironment$CheckedEntry
Event: 134.444 Loading class java/lang/ProcessEnvironment$CheckedEntry done
Event: 134.461 Loading class java/lang/ProcessHandleImpl
Event: 134.461 Loading class java/lang/ProcessHandle
Event: 134.461 Loading class java/lang/ProcessHandle done
Event: 134.461 Loading class java/lang/ProcessHandleImpl done
Event: 134.463 Loading class java/util/concurrent/SynchronousQueue
Event: 134.463 Loading class java/util/concurrent/SynchronousQueue done
Event: 134.463 Loading class java/util/concurrent/SynchronousQueue$TransferStack
Event: 134.463 Loading class java/util/concurrent/SynchronousQueue$Transferer
Event: 134.463 Loading class java/util/concurrent/SynchronousQueue$Transferer done
Event: 134.463 Loading class java/util/concurrent/SynchronousQueue$TransferStack done
Event: 134.463 Loading class java/util/concurrent/SynchronousQueue$TransferStack$SNode
Event: 134.463 Loading class java/util/concurrent/SynchronousQueue$TransferStack$SNode done
Event: 134.464 Loading class java/lang/ProcessImpl$2
Event: 134.464 Loading class java/lang/ProcessImpl$2 done
Event: 134.464 Loading class java/lang/Process$PipeInputStream
Event: 134.464 Loading class java/lang/Process$PipeInputStream done
Event: 134.464 Loading class jdk/internal/event/ProcessStartEvent
Event: 134.464 Loading class jdk/internal/event/ProcessStartEvent done

Classes unloaded (0 events):
No events

Classes redefined (0 events):
No events

Internal exceptions (20 events):
Event: 0.318 Thread 0x000001cfcbf2d010 Exception <a 'java/lang/NoSuchMethodError'{0x0000000090d5b930}: 'int java.lang.invoke.Invokers$Holder.invokeExact_MT(java.lang.Object, java.lang.Object)'> (0x0000000090d5b930) 
thrown [s\open\src\hotspot\share\interpreter\linkResolver.cpp, line 774]
Event: 0.327 Thread 0x000001cfcbf2d010 Exception <a 'java/lang/NoSuchMethodError'{0x0000000090d69de8}: 'java.lang.Object java.lang.invoke.DirectMethodHandle$Holder.newInvokeSpecial(java.lang.Object, java.lang.Object, int)'> (0x0000000090d69de8) 
thrown [s\open\src\hotspot\share\interpreter\linkResolver.cpp, line 774]
Event: 0.328 Thread 0x000001cfcbf2d010 Exception <a 'java/lang/NoSuchMethodError'{0x0000000090d6f030}: 'int java.lang.invoke.DirectMethodHandle$Holder.invokeSpecial(java.lang.Object, java.lang.Object, java.lang.Object, int)'> (0x0000000090d6f030) 
thrown [s\open\src\hotspot\share\interpreter\linkResolver.cpp, line 774]
Event: 0.329 Thread 0x000001cfcbf2d010 Exception <a 'java/lang/NoSuchMethodError'{0x0000000090d81b90}: 'java.lang.Object java.lang.invoke.DirectMethodHandle$Holder.invokeStatic(java.lang.Object, java.lang.Object, java.lang.Object, java.lang.Object, int)'> (0x0000000090d81b90) 
thrown [s\open\src\hotspot\share\interpreter\linkResolver.cpp, line 774]
Event: 0.330 Thread 0x000001cfcbf2d010 Exception <a 'java/lang/NoSuchMethodError'{0x0000000090d8a6a8}: 'int java.lang.invoke.DirectMethodHandle$Holder.invokeSpecial(java.lang.Object, java.lang.Object, java.lang.Object)'> (0x0000000090d8a6a8) 
thrown [s\open\src\hotspot\share\interpreter\linkResolver.cpp, line 774]
Event: 0.359 Thread 0x000001cfcb3f62a0 Exception <a 'java/lang/NoSuchMethodError'{0x00000000910fb710}: 'void java.lang.invoke.DirectMethodHandle$Holder.invokeVirtual(java.lang.Object, java.lang.Object)'> (0x00000000910fb710) 
thrown [s\open\src\hotspot\share\interpreter\linkResolver.cpp, line 774]
Event: 0.372 Thread 0x000001cfcbf2d010 Exception <a 'java/lang/NoSuchMethodError'{0x0000000090c03880}: 'void java.lang.invoke.DirectMethodHandle$Holder.invokeStaticInit(java.lang.Object)'> (0x0000000090c03880) 
thrown [s\open\src\hotspot\share\interpreter\linkResolver.cpp, line 774]
Event: 4.550 Thread 0x000001cfcc5ca3f0 Exception <a 'java/lang/NoSuchMethodError'{0x000000009084b9c8}: 'java.lang.Object java.lang.invoke.DirectMethodHandle$Holder.invokeInterface(java.lang.Object, java.lang.Object)'> (0x000000009084b9c8) 
thrown [s\open\src\hotspot\share\interpreter\linkResolver.cpp, line 774]
Event: 4.566 Thread 0x000001cfcc5ca3f0 Exception <a 'java/lang/NoSuchMethodError'{0x00000000908c48f0}: 'void java.lang.invoke.DirectMethodHandle$Holder.invokeStatic(java.lang.Object, java.lang.Object, java.lang.Object)'> (0x00000000908c48f0) 
thrown [s\open\src\hotspot\share\interpreter\linkResolver.cpp, line 774]
Event: 4.568 Thread 0x000001cfcc5ca3f0 Exception <a 'java/lang/NoSuchMethodError'{0x00000000908cea98}: 'java.lang.Object java.lang.invoke.DirectMethodHandle$Holder.invokeVirtual(java.lang.Object, java.lang.Object, java.lang.Object)'> (0x00000000908cea98) 
thrown [s\open\src\hotspot\share\interpreter\linkResolver.cpp, line 774]
Event: 4.636 Thread 0x000001cfcc5ca3f0 Exception <a 'java/lang/NoSuchMethodError'{0x00000000905d6fc0}: 'void java.lang.invoke.DirectMethodHandle$Holder.invokeStatic(java.lang.Object, java.lang.Object)'> (0x00000000905d6fc0) 
thrown [s\open\src\hotspot\share\interpreter\linkResolver.cpp, line 774]
Event: 11.925 Thread 0x000001cfcbf2d010 Exception <a 'java/lang/NoSuchMethodError'{0x000000008fd7c8c0}: 'int java.lang.invoke.DirectMethodHandle$Holder.invokeStatic(java.lang.Object)'> (0x000000008fd7c8c0) 
thrown [s\open\src\hotspot\share\interpreter\linkResolver.cpp, line 774]
Event: 11.959 Thread 0x000001cfd220c2f0 Exception <a 'java/lang/NoSuchMethodError'{0x000000009121e208}: 'void java.lang.invoke.DirectMethodHandle$Holder.invokeStaticInit(java.lang.Object, java.lang.Object)'> (0x000000009121e208) 
thrown [s\open\src\hotspot\share\interpreter\linkResolver.cpp, line 774]
Event: 11.961 Thread 0x000001cfd220bda0 Exception <a 'java/lang/NoSuchMethodError'{0x000000009123dbf0}: 'int java.lang.invoke.DirectMethodHandle$Holder.invokeStaticInit(java.lang.Object, java.lang.Object, java.lang.Object, java.lang.Object)'> (0x000000009123dbf0) 
thrown [s\open\src\hotspot\share\interpreter\linkResolver.cpp, line 774]
Event: 11.962 Thread 0x000001cfd220bda0 Exception <a 'java/lang/IncompatibleClassChangeError'{0x0000000091246d28}: Found class java.lang.Object, but interface was expected> (0x0000000091246d28) 
thrown [s\open\src\hotspot\share\interpreter\linkResolver.cpp, line 841]
Event: 11.963 Thread 0x000001cfd220bda0 Exception <a 'java/lang/NoSuchMethodError'{0x000000009124c728}: 'int java.lang.invoke.DirectMethodHandle$Holder.invokeStaticInit(java.lang.Object, java.lang.Object)'> (0x000000009124c728) 
thrown [s\open\src\hotspot\share\interpreter\linkResolver.cpp, line 774]
Event: 134.460 Thread 0x000001cfd220c840 Exception <a 'java/lang/NoSuchMethodError'{0x000000008e2085b8}: 'void java.lang.invoke.DirectMethodHandle$Holder.invokeStatic(java.lang.Object, long)'> (0x000000008e2085b8) 
thrown [s\open\src\hotspot\share\interpreter\linkResolver.cpp, line 774]
Event: 134.461 Thread 0x000001cfd220c840 Exception <a 'java/lang/NoSuchMethodError'{0x000000008e20d968}: 'java.lang.Object java.lang.invoke.DirectMethodHandle$Holder.newInvokeSpecial(java.lang.Object, long)'> (0x000000008e20d968) 
thrown [s\open\src\hotspot\share\interpreter\linkResolver.cpp, line 774]
Event: 134.462 Thread 0x000001cfd220c840 Exception <a 'java/lang/NoSuchMethodError'{0x000000008e214968}: 'java.lang.Object java.lang.invoke.DirectMethodHandle$Holder.invokeStatic(java.lang.Object, long, java.lang.Object)'> (0x000000008e214968) 
thrown [s\open\src\hotspot\share\interpreter\linkResolver.cpp, line 774]
Event: 134.462 Thread 0x000001cfd220c840 Exception <a 'java/lang/NoSuchMethodError'{0x000000008e217fb8}: 'java.lang.Object java.lang.invoke.DirectMethodHandle$Holder.invokeStaticInit(java.lang.Object, long, java.lang.Object)'> (0x000000008e217fb8) 
thrown [s\open\src\hotspot\share\interpreter\linkResolver.cpp, line 774]

VM Operations (20 events):
Event: 52.876 Executing VM operation: G1CollectForAllocation done
Event: 54.876 Executing VM operation: Cleanup
Event: 54.876 Executing VM operation: Cleanup done
Event: 59.878 Executing VM operation: Cleanup
Event: 59.878 Executing VM operation: Cleanup done
Event: 65.880 Executing VM operation: Cleanup
Event: 65.880 Executing VM operation: Cleanup done
Event: 93.889 Executing VM operation: Cleanup
Event: 93.889 Executing VM operation: Cleanup done
Event: 112.894 Executing VM operation: Cleanup
Event: 112.895 Executing VM operation: Cleanup done
Event: 131.905 Executing VM operation: Cleanup
Event: 131.905 Executing VM operation: Cleanup done
Event: 133.905 Executing VM operation: Cleanup
Event: 133.905 Executing VM operation: Cleanup done
Event: 134.443 Executing VM operation: HandshakeAllThreads
Event: 134.443 Executing VM operation: HandshakeAllThreads done
Event: 134.463 Executing VM operation: HandshakeAllThreads
Event: 134.463 Executing VM operation: HandshakeAllThreads done
Event: 134.546 Executing VM operation: Exit

Events (20 events):
Event: 13.789 Thread 0x000001cfcb031300 Thread added: 0x000001cfcb031300
Event: 16.425 Thread 0x000001cfcb031300 Thread exited: 0x000001cfcb031300
Event: 30.857 Thread 0x000001cfcb031300 Thread added: 0x000001cfcb031300
Event: 33.385 Thread 0x000001cfcb031300 Thread exited: 0x000001cfcb031300
Event: 65.033 Thread 0x000001cfcb031300 Thread added: 0x000001cfcb031300
Event: 65.033 Thread 0x000001cfcc35fcf0 Thread added: 0x000001cfcc35fcf0
Event: 65.033 Thread 0x000001cfcc361e50 Thread added: 0x000001cfcc361e50
Event: 70.038 Thread 0x000001cfcc35fcf0 Thread exited: 0x000001cfcc35fcf0
Event: 70.038 Thread 0x000001cfcc361e50 Thread exited: 0x000001cfcc361e50
Event: 70.038 Thread 0x000001cfcb031300 Thread exited: 0x000001cfcb031300
Event: 133.385 Thread 0x000001cfd220bda0 Thread exited: 0x000001cfd220bda0
Event: 134.441 Thread 0x000001cfd220c840 Thread added: 0x000001cfd220c840
Event: 134.441 Thread 0x000001cfd220a310 Thread added: 0x000001cfd220a310
Event: 134.441 Thread 0x000001cfd220cd90 Thread added: 0x000001cfd220cd90
Event: 134.442 Thread 0x000001cfd220cd90 Thread exited: 0x000001cfd220cd90
Event: 134.443 Thread 0x000001cfcc5e5650 Thread exited: 0x000001cfcc5e5650
Event: 134.464 Thread 0x000001cfd220c840 Thread exited: 0x000001cfd220c840
Event: 134.505 Thread 0x000001cfcb3f62a0 Thread exited: 0x000001cfcb3f62a0
Event: 134.543 Thread 0x000001cfd220a310 Thread exited: 0x000001cfd220a310
Event: 134.546 Thread 0x000001cfcb011640 Thread exited: 0x000001cfcb011640


Dynamic libraries:
0x00007ff61a6d0000 - 0x00007ff61a6e0000 	C:\Program Files\JAVA\jdk-19\bin\java.exe
0x00007ff897f50000 - 0x00007ff898167000 	C:\WINDOWS\SYSTEM32\ntdll.dll
0x00007ff8969c0000 - 0x00007ff896a84000 	C:\WINDOWS\System32\KERNEL32.DLL
0x00007ff8956c0000 - 0x00007ff895a6e000 	C:\WINDOWS\System32\KERNELBASE.dll
0x00007ff895500000 - 0x00007ff895611000 	C:\WINDOWS\System32\ucrtbase.dll
0x00007ff88d3e0000 - 0x00007ff88d3f8000 	C:\Program Files\JAVA\jdk-19\bin\jli.dll
0x00007ff896900000 - 0x00007ff8969b2000 	C:\WINDOWS\System32\ADVAPI32.dll
0x00007ff892270000 - 0x00007ff89228b000 	C:\Program Files\JAVA\jdk-19\bin\VCRUNTIME140.dll
0x00007ff896630000 - 0x00007ff8966d7000 	C:\WINDOWS\System32\msvcrt.dll
0x00007ff896e10000 - 0x00007ff896eb8000 	C:\WINDOWS\System32\sechost.dll
0x00007ff895c50000 - 0x00007ff895c78000 	C:\WINDOWS\System32\bcrypt.dll
0x00007ff896cf0000 - 0x00007ff896e05000 	C:\WINDOWS\System32\RPCRT4.dll
0x00007ff897400000 - 0x00007ff8975ae000 	C:\WINDOWS\System32\USER32.dll
0x00007ff895450000 - 0x00007ff895476000 	C:\WINDOWS\System32\win32u.dll
0x00007ff886480000 - 0x00007ff886713000 	C:\WINDOWS\WinSxS\amd64_microsoft.windows.common-controls_6595b64144ccf1df_6.0.22621.3566_none_27125e8b73837631\COMCTL32.dll
0x00007ff896700000 - 0x00007ff896729000 	C:\WINDOWS\System32\GDI32.dll
0x00007ff895a70000 - 0x00007ff895b89000 	C:\WINDOWS\System32\gdi32full.dll
0x00007ff895620000 - 0x00007ff8956ba000 	C:\WINDOWS\System32\msvcp_win.dll
0x00007ff88a530000 - 0x00007ff88a53a000 	C:\WINDOWS\SYSTEM32\VERSION.dll
0x00007ff896cb0000 - 0x00007ff896ce1000 	C:\WINDOWS\System32\IMM32.DLL
0x00007ff892260000 - 0x00007ff89226c000 	C:\Program Files\JAVA\jdk-19\bin\vcruntime140_1.dll
0x00007ff8861d0000 - 0x00007ff88625e000 	C:\Program Files\JAVA\jdk-19\bin\msvcp140.dll
0x00007fffd9a50000 - 0x00007fffda710000 	C:\Program Files\JAVA\jdk-19\bin\server\jvm.dll
0x00007ff88e860000 - 0x00007ff88e894000 	C:\WINDOWS\SYSTEM32\WINMM.dll
0x00007ff892290000 - 0x00007ff892299000 	C:\WINDOWS\SYSTEM32\WSOCK32.dll
0x00007ff896730000 - 0x00007ff8967a1000 	C:\WINDOWS\System32\WS2_32.dll
0x00007ff894290000 - 0x00007ff8942a8000 	C:\WINDOWS\SYSTEM32\kernel.appcore.dll
0x00007ff892250000 - 0x00007ff89225a000 	C:\Program Files\JAVA\jdk-19\bin\jimage.dll
0x00007ff892a00000 - 0x00007ff892c33000 	C:\WINDOWS\SYSTEM32\DBGHELP.DLL
0x00007ff896270000 - 0x00007ff8965f8000 	C:\WINDOWS\System32\combase.dll
0x00007ff896ec0000 - 0x00007ff896f97000 	C:\WINDOWS\System32\OLEAUT32.dll
0x00007ff88bad0000 - 0x00007ff88bb02000 	C:\WINDOWS\SYSTEM32\dbgcore.DLL
0x00007ff895480000 - 0x00007ff8954f9000 	C:\WINDOWS\System32\bcryptPrimitives.dll
0x00007ff88dd10000 - 0x00007ff88dd36000 	C:\Program Files\JAVA\jdk-19\bin\java.dll
0x00007ff88dc30000 - 0x00007ff88dd07000 	C:\Program Files\JAVA\jdk-19\bin\jsvml.dll
0x00007ff8976b0000 - 0x00007ff897f0e000 	C:\WINDOWS\System32\SHELL32.dll
0x00007ff8931b0000 - 0x00007ff893aa5000 	C:\WINDOWS\SYSTEM32\windows.storage.dll
0x00007ff893070000 - 0x00007ff8931af000 	C:\WINDOWS\SYSTEM32\wintypes.dll
0x00007ff895c80000 - 0x00007ff895d75000 	C:\WINDOWS\System32\SHCORE.dll
0x00007ff896a90000 - 0x00007ff896aee000 	C:\WINDOWS\System32\shlwapi.dll
0x00007ff8951a0000 - 0x00007ff8951c1000 	C:\WINDOWS\SYSTEM32\profapi.dll
0x00007ff88af10000 - 0x00007ff88af23000 	C:\Program Files\JAVA\jdk-19\bin\net.dll
0x00007ff891810000 - 0x00007ff891946000 	C:\WINDOWS\SYSTEM32\WINHTTP.dll
0x00007ff894700000 - 0x00007ff894769000 	C:\WINDOWS\system32\mswsock.dll
0x00007ff889240000 - 0x00007ff889256000 	C:\Program Files\JAVA\jdk-19\bin\nio.dll
0x00007ff888b90000 - 0x00007ff888ba8000 	C:\Program Files\JAVA\jdk-19\bin\zip.dll
0x00007ff875d10000 - 0x00007ff875ea1000 	C:\Program Files\JAVA\jdk-19\bin\awt.dll
0x00007ff8908b0000 - 0x00007ff890947000 	C:\WINDOWS\SYSTEM32\apphelp.dll
0x00007ff8922e0000 - 0x00007ff89238b000 	C:\WINDOWS\system32\uxtheme.dll
0x00007ff896af0000 - 0x00007ff896c45000 	C:\WINDOWS\System32\MSCTF.dll
0x00007ff897170000 - 0x00007ff897315000 	C:\WINDOWS\System32\ole32.dll
0x00007ff892540000 - 0x00007ff89256b000 	C:\WINDOWS\system32\DWMAPI.DLL
0x00007ff886140000 - 0x00007ff8861c6000 	C:\Program Files\JAVA\jdk-19\bin\freetype.dll
0x00007ff8758e0000 - 0x00007ff8759a6000 	C:\Program Files\JAVA\jdk-19\bin\fontmanager.dll
0x00007ff823100000 - 0x00007ff823200000 	C:\WINDOWS\system32\opengl32.dll
0x00007ff822be0000 - 0x00007ff822c0d000 	C:\WINDOWS\SYSTEM32\GLU32.dll
0x00007ff8923f0000 - 0x00007ff892429000 	C:\WINDOWS\SYSTEM32\dxcore.dll
0x00007ff895d80000 - 0x00007ff8961f4000 	C:\WINDOWS\System32\SETUPAPI.dll
0x00007ff896840000 - 0x00007ff8968f0000 	C:\WINDOWS\System32\clbcatq.dll
0x00007ff891e10000 - 0x00007ff891fc0000 	C:\WINDOWS\SYSTEM32\WindowsCodecs.dll
0x00007ff869bf0000 - 0x00007ff869c4e000 	C:\WINDOWS\system32\dataexchange.dll
0x00007ff88d640000 - 0x00007ff88d8ca000 	C:\WINDOWS\system32\twinapi.appcore.dll
0x00007ff878c80000 - 0x00007ff878dce000 	C:\WINDOWS\SYSTEM32\textinputframework.dll
0x00007ff877ac0000 - 0x00007ff877b29000 	C:\WINDOWS\system32\Oleacc.dll
0x00007ff8691f0000 - 0x00007ff86923b000 	C:\WINDOWS\system32\ApplicationTargetedFeatureDatabase.dll
0x00007ff8900d0000 - 0x00007ff890203000 	C:\WINDOWS\SYSTEM32\CoreMessaging.dll
0x00007ff87ebd0000 - 0x00007ff87ef3c000 	C:\WINDOWS\SYSTEM32\CoreUIComponents.dll
0x00007ff894980000 - 0x00007ff89498c000 	C:\WINDOWS\SYSTEM32\CRYPTBASE.DLL
0x00007ff8920a0000 - 0x00007ff8920a8000 	C:\Program Files\JAVA\jdk-19\bin\extnet.dll
0x00007ff892240000 - 0x00007ff892250000 	C:\Program Files\JAVA\jdk-19\bin\verify.dll
0x0000000073210000 - 0x00000000732e1000 	C:\Users\HARSHIT\AppData\Local\Temp\javacpp157802528817500\msvcr100.dll
0x0000000073170000 - 0x0000000073208000 	C:\Users\HARSHIT\AppData\Local\Temp\javacpp157802528817500\msvcp100.dll
0x0000000066840000 - 0x00000000676b4000 	C:\Users\HARSHIT\AppData\Local\Temp\javacpp157802528817500\opencv_ffmpeg248_64.dll
0x00007ff8376b0000 - 0x00007ff837922000 	C:\Users\HARSHIT\AppData\Local\Temp\javacpp157802528817500\opencv_core248.dll
0x00007ff8373f0000 - 0x00007ff8376a2000 	C:\Users\HARSHIT\AppData\Local\Temp\javacpp157802528817500\opencv_imgproc248.dll
0x00007ff8126f0000 - 0x00007ff81293d000 	C:\Users\HARSHIT\AppData\Local\Temp\javacpp157802528817500\opencv_highgui248.dll
0x00007ff88d3b0000 - 0x00007ff88d3d4000 	C:\WINDOWS\SYSTEM32\AVIFIL32.dll
0x00007ff88d350000 - 0x00007ff88d36a000 	C:\WINDOWS\SYSTEM32\AVICAP32.dll
0x00007ff88d230000 - 0x00007ff88d25b000 	C:\WINDOWS\SYSTEM32\MSVFW32.dll
0x00007ff889270000 - 0x00007ff88928e000 	C:\WINDOWS\SYSTEM32\MSACM32.dll
0x00007ff880790000 - 0x00007ff8807a3000 	C:\Users\HARSHIT\AppData\Local\Temp\javacpp157802528817500\jniopencv_highgui.dll
0x00007ff800000000 - 0x00007ff800021000 	C:\Windows\System32\devenum.dll
0x00007ff894ea0000 - 0x00007ff894eee000 	C:\Windows\System32\CFGMGR32.dll
0x00007ff8942b0000 - 0x00007ff8942e4000 	C:\WINDOWS\SYSTEM32\ntmarta.dll
0x00007ff894ef0000 - 0x00007ff894f1c000 	C:\WINDOWS\SYSTEM32\DEVOBJ.dll
0x00007ff8953e0000 - 0x00007ff89544b000 	C:\WINDOWS\System32\WINTRUST.dll
0x00007ff895270000 - 0x00007ff8953d7000 	C:\WINDOWS\System32\CRYPT32.dll
0x00007ff8949c0000 - 0x00007ff8949d2000 	C:\WINDOWS\SYSTEM32\MSASN1.dll
0x00007ff820200000 - 0x00007ff82020b000 	C:\WINDOWS\SYSTEM32\msdmo.dll
0x00007ff88c120000 - 0x00007ff88c159000 	C:\Windows\System32\qcap.dll
0x00007ff871060000 - 0x00007ff871247000 	C:\Windows\System32\quartz.dll
0x00007ff87c390000 - 0x00007ff87c3cb000 	C:\Windows\System32\mfksproxy.dll
0x00007ff88c1e0000 - 0x00007ff88c1fe000 	C:\Windows\System32\ATL.DLL
0x00007ff8905c0000 - 0x00007ff89078e000 	C:\Windows\System32\MFPlat.DLL
0x00007ff8903f0000 - 0x00007ff890423000 	C:\Windows\System32\RTWorkQ.DLL
0x00007ff890e40000 - 0x00007ff8911d9000 	C:\Windows\System32\MFCORE.dll
0x00007ff876030000 - 0x00007ff8760ce000 	C:\Windows\System32\FrameServerClient.dll
0x00007ff870f30000 - 0x00007ff870faf000 	C:\Windows\System32\MFSENSORGROUP.dll
0x00007ff8903c0000 - 0x00007ff8903cb000 	C:\Windows\System32\AVRT.dll
0x00007ff880400000 - 0x00007ff880495000 	C:\Windows\System32\Windows.Media.MediaControl.dll
0x00007ff88b190000 - 0x00007ff88b22d000 	C:\Windows\System32\MMDevAPI.DLL
0x00007ff82e840000 - 0x00007ff82e960000 	C:\Windows\System32\MFReadWrite.dll
0x00007ff889bc0000 - 0x00007ff889be6000 	C:\Windows\System32\kswdmcap.ax
0x00007ff8913a0000 - 0x00007ff8913af000 	C:\Windows\System32\vidcap.ax
0x00007ff86b390000 - 0x00007ff86b43f000 	C:\Windows\System32\qedit.dll
0x00007ff8975b0000 - 0x00007ff8976a8000 	C:\WINDOWS\System32\COMDLG32.dll
0x00007ff866930000 - 0x00007ff866aea000 	C:\WINDOWS\WinSxS\amd64_microsoft.windows.gdiplus_6595b64144ccf1df_1.1.22621.3566_none_57fd5170ce15efff\gdiplus.dll
0x00007ff866830000 - 0x00007ff86692e000 	C:\Windows\System32\DDRAW.dll
0x00007ff892430000 - 0x00007ff892527000 	C:\Windows\System32\dxgi.dll
0x00007ff88e900000 - 0x00007ff88e909000 	C:\Windows\System32\DCIMAN32.dll
0x00007ff887ec0000 - 0x00007ff887ee9000 	C:\WINDOWS\SYSTEM32\WINMMBASE.dll
0x00007ff845400000 - 0x00007ff84549a000 	C:\Users\HARSHIT\AppData\Local\Temp\javacpp157802528817500\jniopencv_core.dll

dbghelp: loaded successfully - version: 4.0.5 - missing functions: none
symbol engine: initialized successfully - sym options: 0x614 - pdb path: .;C:\Program Files\JAVA\jdk-19\bin;C:\WINDOWS\SYSTEM32;C:\WINDOWS\WinSxS\amd64_microsoft.windows.common-controls_6595b64144ccf1df_6.0.22621.3566_none_27125e8b73837631;C:\Program Files\JAVA\jdk-19\bin\server;C:\Windows\System32\DriverStore\FileRepository\u0373026.inf_amd64_019c2394c5580e0e\B372529;C:\Users\HARSHIT\AppData\Local\Temp\javacpp157802528817500;C:\WINDOWS\WinSxS\amd64_microsoft.windows.gdiplus_6595b64144ccf1df_1.1.22621.3566_none_57fd5170ce15efff

VM Arguments:
java_command: basic.HomePage
java_class_path (initial): D:\PROJECT\ByPass ATM Access\atmservice\target\classes;C:\Users\HARSHIT\.m2\repository\mysql-connector-java\mysql-connector-java\8.0.27\mysql-connector-java-8.0.27.jar;C:\Users\HARSHIT\.m2\repository\com\sun\mail\javax.mail\1.6.2\javax.mail-1.6.2.jar;C:\Users\HARSHIT\.m2\repository\javax\activation\activation\1.1\activation-1.1.jar;C:\Users\HARSHIT\.m2\repository\javacv\javacv\0.7\javacv-0.7.jar;C:\Users\HARSHIT\.m2\repository\com\googlecode\javacpp\javacpp\0.7\javacpp-0.7.jar;C:\Users\HARSHIT\.m2\repository\javacv-windows\javacv-windows\0.7\javacv-windows-0.7.jar;C:\Users\HARSHIT\.m2\repository\javacvcppjar\javacvcppjar\0.7\javacvcppjar-0.7.jar;C:\Users\HARSHIT\.m2\repository\opencv\opencv\490\opencv-490.jar;C:\Users\HARSHIT\.m2\repository\opencvjar\opencvjar\2.4.8\opencvjar-2.4.8.jar
Launcher Type: SUN_STANDARD

[Global flags]
     intx CICompilerCount                          = 12                                        {product} {ergonomic}
     uint ConcGCThreads                            = 3                                         {product} {ergonomic}
     uint G1ConcRefinementThreads                  = 13                                        {product} {ergonomic}
   size_t G1HeapRegionSize                         = 1048576                                   {product} {ergonomic}
    uintx GCDrainStackTargetSize                   = 64                                        {product} {ergonomic}
   size_t InitialHeapSize                          = 125829120                                 {product} {ergonomic}
   size_t MarkStackSize                            = 4194304                                   {product} {ergonomic}
   size_t MaxHeapSize                              = 1983905792                                {product} {ergonomic}
   size_t MaxNewSize                               = 1190133760                                {product} {ergonomic}
   size_t MinHeapDeltaBytes                        = 1048576                                   {product} {ergonomic}
   size_t MinHeapSize                              = 8388608                                   {product} {ergonomic}
    uintx NonNMethodCodeHeapSize                   = 7602480                                {pd product} {ergonomic}
    uintx NonProfiledCodeHeapSize                  = 122027880                              {pd product} {ergonomic}
    uintx ProfiledCodeHeapSize                     = 122027880                              {pd product} {ergonomic}
    uintx ReservedCodeCacheSize                    = 251658240                              {pd product} {ergonomic}
     bool SegmentedCodeCache                       = true                                      {product} {ergonomic}
   size_t SoftMaxHeapSize                          = 1983905792                             {manageable} {ergonomic}
     bool UseCompressedClassPointers               = true                           {product lp64_product} {ergonomic}
     bool UseCompressedOops                        = true                           {product lp64_product} {ergonomic}
     bool UseG1GC                                  = true                                      {product} {ergonomic}
     bool UseLargePagesIndividualAllocation        = false                                  {pd product} {ergonomic}

Logging:
Log output configuration:
 #0: stdout all=off uptime,level,tags foldmultilines=false
 #1: stderr all=off uptime,level,tags foldmultilines=false

Environment Variables:
JAVA_HOME=C:\Program Files\JAVA\jdk-19
PATH=C:\Program Files\Common Files\Oracle\Java\javapath;C:\Program Files (x86)\Common Files\Oracle\Java\javapath;C:\WINDOWS\system32;C:\WINDOWS;C:\WINDOWS\System32\Wbem;C:\WINDOWS\System32\WindowsPowerShell\v1.0\;C:\WINDOWS\System32\OpenSSH\;C:\msys64\mingw64\bin;C:\Users\HARSHIT\AppData\Local\Programs\Python\Python310\Scripts\;C:\Users\HARSHIT\AppData\Local\Programs\Python\Python310\;C:\Users\HARSHIT\AppData\Local\Microsoft\WindowsApps;C:\Users\HARSHIT\AppData\Local\Programs\Microsoft VS Code\bin;C:\Users\HARSHIT\AppData\Local\GitHubDesktop\bin;
USERNAME=HARSHIT
OS=Windows_NT
PROCESSOR_IDENTIFIER=AMD64 Family 23 Model 104 Stepping 1, AuthenticAMD
TMP=C:\Users\HARSHIT\AppData\Local\Temp
TEMP=C:\Users\HARSHIT\AppData\Local\Temp



---------------  S Y S T E M  ---------------

OS:
 Windows 11 , 64 bit Build 22621 (10.0.22621.3570)
OS uptime: 1 days 19:52 hours

CPU: total 16 (initial active 16) (16 cores per cpu, 2 threads per core) family 23 model 104 stepping 1 microcode 0x0, cx8, cmov, fxsr, ht, mmx, 3dnowpref, sse, sse2, sse3, ssse3, sse4a, sse4.1, sse4.2, popcnt, lzcnt, tsc, tscinvbit, avx, avx2, aes, clmul, bmi1, bmi2, adx, sha, fma, vzeroupper, clflush, clflushopt, rdtscp, rdpid

Memory: 4k page, system-wide physical 7561M (480M free)
TotalPageFile size 21897M (AvailPageFile size 5801M)
current process WorkingSet (physical memory assigned to process): 291M, peak: 327M
current process commit charge ("private bytes"): 262M, peak: 356M

vm_info: Java HotSpot(TM) 64-Bit Server VM (19.0.2+7-44) for windows-amd64 JRE (19.0.2+7-44), built on 2022-11-30T18:02:09Z by "mach5one" with MS VC++ 17.1 (VS2022)

END.
